# JRE version: OpenJDK Runtime Environment (17.0.6) (build 17.0.6+0-b2043.56-10027231)
# Java VM: OpenJDK 64-Bit Server VM (17.0.6+0-b2043.56-10027231, mixed mode, tiered, compressed oops, compressed class ptrs, g1 gc, windows-amd64)
GC Precious Log:
 CPUs: 8 total, 8 available
 Memory: 12197M
 Large Page Support: Disabled
 NUMA Support: Disabled
 Compressed Oops: Enabled (Zero based)
 Heap Region Size: 2M
 Heap Min Capacity: 8M
 Heap Initial Capacity: 192M
 Heap Max Capacity: 3050M
 Pre-touch: Disabled
 Parallel Workers: 8
 Concurrent Workers: 2
 Concurrent Refinement Workers: 8
 Periodic GC: Disabled
Heap:
 garbage-first heap   total 143360K, used 82346K [0x0000000741600000, 0x0000000800000000)
  region size 2048K, 17 young (34816K), 4 survivors (8192K)
 Metaspace       used 74823K, committed 75136K, reserved 1122304K
  class space    used 8692K, committed 8832K, reserved 1048576K
GC Heap History (20 events):
Event: 4.981 GC heap before
{Heap before GC invocations=5 (full 0):
 garbage-first heap   total 40960K, used 25869K [0x0000000741600000, 0x0000000800000000)
  region size 2048K, 8 young (16384K), 2 survivors (4096K)
 Metaspace       used 34130K, committed 34368K, reserved 1081344K
  class space    used 4425K, committed 4544K, reserved 1048576K
}
Event: 4.995 GC heap after
{Heap after GC invocations=6 (full 0):
 garbage-first heap   total 40960K, used 17035K [0x0000000741600000, 0x0000000800000000)
  region size 2048K, 1 young (2048K), 1 survivors (2048K)
 Metaspace       used 34130K, committed 34368K, reserved 1081344K
  class space    used 4425K, committed 4544K, reserved 1048576K
}
Event: 5.254 GC heap before
{Heap before GC invocations=6 (full 0):
 garbage-first heap   total 40960K, used 25227K [0x0000000741600000, 0x0000000800000000)
  region size 2048K, 6 young (12288K), 1 survivors (2048K)
 Metaspace       used 35744K, committed 35968K, reserved 1081344K
  class space    used 4617K, committed 4736K, reserved 1048576K
}
Event: 5.261 GC heap after
{Heap after GC invocations=7 (full 0):
 garbage-first heap   total 40960K, used 15896K [0x0000000741600000, 0x0000000800000000)
  region size 2048K, 1 young (2048K), 1 survivors (2048K)
 Metaspace       used 35744K, committed 35968K, reserved 1081344K
  class space    used 4617K, committed 4736K, reserved 1048576K
}
Event: 5.743 GC heap before
{Heap before GC invocations=8 (full 0):
 garbage-first heap   total 40960K, used 30232K [0x0000000741600000, 0x0000000800000000)
  region size 2048K, 8 young (16384K), 1 survivors (2048K)
 Metaspace       used 38452K, committed 38656K, reserved 1089536K
  class space    used 4902K, committed 4992K, reserved 1048576K
}
Event: 5.754 GC heap after
{Heap after GC invocations=9 (full 0):
 garbage-first heap   total 40960K, used 17325K [0x0000000741600000, 0x0000000800000000)
  region size 2048K, 1 young (2048K), 1 survivors (2048K)
 Metaspace       used 38452K, committed 38656K, reserved 1089536K
  class space    used 4902K, committed 4992K, reserved 1048576K
}
Event: 6.060 GC heap before
{Heap before GC invocations=9 (full 0):
 garbage-first heap   total 40960K, used 29613K [0x0000000741600000, 0x0000000800000000)
  region size 2048K, 7 young (14336K), 1 survivors (2048K)
 Metaspace       used 40835K, committed 41024K, reserved 1089536K
  class space    used 5082K, committed 5184K, reserved 1048576K
}
Event: 6.071 GC heap after
{Heap after GC invocations=10 (full 0):
 garbage-first heap   total 118784K, used 19378K [0x0000000741600000, 0x0000000800000000)
  region size 2048K, 1 young (2048K), 1 survivors (2048K)
 Metaspace       used 40835K, committed 41024K, reserved 1089536K
  class space    used 5082K, committed 5184K, reserved 1048576K
}
Event: 8.490 GC heap before
{Heap before GC invocations=10 (full 0):
 garbage-first heap   total 118784K, used 89010K [0x0000000741600000, 0x0000000800000000)
  region size 2048K, 34 young (69632K), 1 survivors (2048K)
 Metaspace       used 50968K, committed 51200K, reserved 1097728K
  class space    used 6240K, committed 6336K, reserved 1048576K
}
Event: 8.524 GC heap after
{Heap after GC invocations=11 (full 0):
 garbage-first heap   total 118784K, used 27009K [0x0000000741600000, 0x0000000800000000)
  region size 2048K, 4 young (8192K), 4 survivors (8192K)
 Metaspace       used 50968K, committed 51200K, reserved 1097728K
  class space    used 6240K, committed 6336K, reserved 1048576K
}
Event: 12.038 GC heap before
{Heap before GC invocations=11 (full 0):
 garbage-first heap   total 118784K, used 82305K [0x0000000741600000, 0x0000000800000000)
  region size 2048K, 31 young (63488K), 4 survivors (8192K)
 Metaspace       used 56256K, committed 56512K, reserved 1105920K
  class space    used 6751K, committed 6848K, reserved 1048576K
}
Event: 12.109 GC heap after
{Heap after GC invocations=12 (full 0):
 garbage-first heap   total 118784K, used 35275K [0x0000000741600000, 0x0000000800000000)
  region size 2048K, 4 young (8192K), 4 survivors (8192K)
 Metaspace       used 56256K, committed 56512K, reserved 1105920K
  class space    used 6751K, committed 6848K, reserved 1048576K
}
Event: 17.123 GC heap before
{Heap before GC invocations=12 (full 0):
 garbage-first heap   total 118784K, used 84427K [0x0000000741600000, 0x0000000800000000)
  region size 2048K, 28 young (57344K), 4 survivors (8192K)
 Metaspace       used 58435K, committed 58688K, reserved 1105920K
  class space    used 7023K, committed 7168K, reserved 1048576K
}
Event: 17.200 GC heap after
{Heap after GC invocations=13 (full 0):
 garbage-first heap   total 118784K, used 43604K [0x0000000741600000, 0x0000000800000000)
  region size 2048K, 4 young (8192K), 4 survivors (8192K)
 Metaspace       used 58435K, committed 58688K, reserved 1105920K
  class space    used 7023K, committed 7168K, reserved 1048576K
}
Event: 17.844 GC heap before
{Heap before GC invocations=13 (full 0):
 garbage-first heap   total 118784K, used 47700K [0x0000000741600000, 0x0000000800000000)
  region size 2048K, 7 young (14336K), 4 survivors (8192K)
 Metaspace       used 60000K, committed 60288K, reserved 1105920K
  class space    used 7285K, committed 7424K, reserved 1048576K
}
Event: 17.903 GC heap after
{Heap after GC invocations=14 (full 0):
 garbage-first heap   total 143360K, used 44376K [0x0000000741600000, 0x0000000800000000)
  region size 2048K, 1 young (2048K), 1 survivors (2048K)
 Metaspace       used 60000K, committed 60288K, reserved 1105920K
  class space    used 7285K, committed 7424K, reserved 1048576K
}
Event: 25.365 GC heap before
{Heap before GC invocations=15 (full 0):
 garbage-first heap   total 143360K, used 107864K [0x0000000741600000, 0x0000000800000000)
  region size 2048K, 32 young (65536K), 1 survivors (2048K)
 Metaspace       used 66250K, committed 66560K, reserved 1114112K
  class space    used 7952K, committed 8128K, reserved 1048576K
}
Event: 25.399 GC heap after
{Heap after GC invocations=16 (full 0):
 garbage-first heap   total 143360K, used 53008K [0x0000000741600000, 0x0000000800000000)
  region size 2048K, 4 young (8192K), 4 survivors (8192K)
 Metaspace       used 66250K, committed 66560K, reserved 1114112K
  class space    used 7952K, committed 8128K, reserved 1048576K
}
Event: 29.879 GC heap before
{Heap before GC invocations=16 (full 0):
 garbage-first heap   total 143360K, used 108304K [0x0000000741600000, 0x0000000800000000)
  region size 2048K, 31 young (63488K), 4 survivors (8192K)
 Metaspace       used 71829K, committed 72128K, reserved 1114112K
  class space    used 8399K, committed 8512K, reserved 1048576K
}
Event: 29.912 GC heap after
{Heap after GC invocations=17 (full 0):
 garbage-first heap   total 143360K, used 59818K [0x0000000741600000, 0x0000000800000000)
  region size 2048K, 4 young (8192K), 4 survivors (8192K)
 Metaspace       used 71829K, committed 72128K, reserved 1114112K
  class space    used 8399K, committed 8512K, reserved 1048576K
}

